2026-04-06 11:58:43 — ingest 시작 (10개)
=== Ingest 대상 상위 10개 (미처리) ===

1. [2,425뷰] 커서 AI, 코파일럿에 이어 써봤습니다
   URL: /1830 | 저자: bareum.park | 카테고리: UX Engineer 이야기
2. [2,366뷰] UX 신입 디자이너가 알아야 할 UI디테일 용어 1탄
   URL: /616 | 저자: 알 수 없는 사용자 | 카테고리: UX 가벼운 이야기
3. [2,282뷰] [인터랙션] CSS를 이용한 로딩 애니메이션
   URL: /922 | 저자: Sungi Kim | 카테고리: inspiration movie
4. [2,051뷰] 조형의 요소와 원리 3 - 통일성(unity) : 게슈탈트 법칙
   URL: /218 | 저자: 알 수 없는 사용자 | 카테고리: GUI 가벼운 이야기
5. [2,001뷰] [pxd talks] 인하우스에서 BX 디자이너가 일하는 방법
   URL: /1743 | 저자: yeji.jeong | 카테고리: pxd talks
6. [1,931뷰] 피츠의 법칙 Fitts' Law
   URL: /578 | 저자: 이 재용 | 카테고리: UX 가벼운 이야기
7. [1,913뷰] 한국어 맞춤법/문법 검사기 리디자인
   URL: /1096 | 저자: 無異 | 카테고리: Re-design!
8. [1,754뷰] 한국어 감정 단어 관계 시각화
   URL: /1821 | 저자: 無異 | 카테고리: pxd AI툴 이야기
9. [1,629뷰] 신입디자이너를 위한 IA 알아보기
   URL: /1600 | 저자: 알 수 없는 사용자 | 카테고리: UX 가벼운 이야기
10. [1,568뷰] UX 대학원 소개 (국내편)
   URL: /957 | 저자: 이 재용 | 카테고리: UX 가벼운 이야기

--- API 호출 URL ---
https://story-api.pxd.systems/article-metas?urls=/1830,/616,/922,/218,/1743,/578,/1096,/1821,/1600,/957&body=1
2026-04-06 12:21:14 — ingest 완료
